1594400240402	mozrunner::runner	INFO	Running command: "C:\\Program Files\\Mozilla Firefox\\firefox.exe" "-marionette" "-foreground" "-no-remote" "-profile" "C:\\Users\\sagar\\AppData\\Local\\Temp\\rust_mozprofilemuGzXC"
JavaScript error: resource://gre/modules/XULStore.jsm, line 66: Error: Can't find profile directory.
1594400243994	Marionette	INFO	Listening on port 53171
1594400244260	Marionette	WARN	TLS certificate errors will be ignored for this session
JavaScript error: resource://gre/modules/NetworkGeolocationProvider.jsm, line 555: TypeError: xhr.response.location is undefined
JavaScript error: http://www.demo.guru99.com/V4/JavaScript/treemenu.js, line 10: ReferenceError: $ is not defined
JavaScript error: http://www.demo.guru99.com/V4/JavaScript/slider-cars.js, line 41: ReferenceError: jQuery is not defined
JavaScript error: http://www.demo.guru99.com/V4/JavaScript/home-bar.js, line 1: ReferenceError: $ is not defined
1594400279654	Marionette	INFO	Stopped listening on port 53171

###!!! [Child][RunMessage] Error: Channel closing: too late to send/recv, messages will be lost


###!!! [Child][MessageChannel::SendAndWait] Error: Channel error: cannot send/recv

1594400285021	mozrunner::runner	INFO	Running command: "C:\\Program Files\\Mozilla Firefox\\firefox.exe" "-marionette" "-foreground" "-no-remote" "-profile" "C:\\Users\\sagar\\AppData\\Local\\Temp\\rust_mozprofileD38cYO"
JavaScript error: resource://gre/modules/XULStore.jsm, line 66: Error: Can't find profile directory.
1594400287070	Marionette	INFO	Listening on port 53343
1594400287154	Marionette	WARN	TLS certificate errors will be ignored for this session
JavaScript error: http://www.demo.guru99.com/V4/index.php, line 1: SyntaxError: missing ) after argument list
1594400299732	Marionette	INFO	Stopped listening on port 53343

###!!! [Child][RunMessage] Error: Channel closing: too late to send/recv, messages will be lost


###!!! [Child][MessageChannel::SendAndWait] Error: Channel error: cannot send/recv

1594400348259	mozrunner::runner	INFO	Running command: "C:\\Program Files\\Mozilla Firefox\\firefox.exe" "-marionette" "-foreground" "-no-remote" "-profile" "C:\\Users\\sagar\\AppData\\Local\\Temp\\rust_mozprofilejjWfLk"
JavaScript error: resource://gre/modules/XULStore.jsm, line 66: Error: Can't find profile directory.
1594400350268	Marionette	INFO	Listening on port 53484
1594400350397	Marionette	WARN	TLS certificate errors will be ignored for this session
JavaScript error: http://www.demo.guru99.com/V4/index.php, line 1: SyntaxError: missing ) after argument list
1594400361024	Marionette	INFO	Stopped listening on port 53484

###!!! [Child][RunMessage] Error: Channel closing: too late to send/recv, messages will be lost


###!!! [Child][MessageChannel::SendAndWait] Error: Channel error: cannot send/recv

1594728675210	mozrunner::runner	INFO	Running command: "C:\\Program Files\\Mozilla Firefox\\firefox.exe" "-marionette" "-foreground" "-no-remote" "-profile" "C:\\Users\\sagar\\AppData\\Local\\Temp\\rust_mozprofile4wwaeD"
JavaScript error: resource://gre/modules/XULStore.jsm, line 66: Error: Can't find profile directory.
1594728679615	Marionette	INFO	Listening on port 60586
1594728679775	Marionette	WARN	TLS certificate errors will be ignored for this session
JavaScript error: http://www.demo.guru99.com/V4/index.php, line 1: SyntaxError: missing ) after argument list
1594728690003	Marionette	INFO	Stopped listening on port 60586

###!!! [Child][RunMessage] Error: Channel closing: too late to send/recv, messages will be lost


###!!! [Child][MessageChannel::SendAndWait] Error: Channel error: cannot send/recv

1594730594741	mozrunner::runner	INFO	Running command: "C:\\Program Files\\Mozilla Firefox\\firefox.exe" "-marionette" "-foreground" "-no-remote" "-profile" "C:\\Users\\sagar\\AppData\\Local\\Temp\\rust_mozprofilejW2gSg"
JavaScript error: resource://gre/modules/XULStore.jsm, line 66: Error: Can't find profile directory.
1594730598382	Marionette	INFO	Listening on port 60904
1594730598612	Marionette	WARN	TLS certificate errors will be ignored for this session
JavaScript error: resource://gre/modules/NetworkGeolocationProvider.jsm, line 555: TypeError: xhr.response.location is undefined
JavaScript error: resource://gre/modules/NetworkGeolocationProvider.jsm, line 555: TypeError: xhr.response.location is undefined
JavaScript error: http://www.demo.guru99.com/V4/index.php, line 1: SyntaxError: missing ) after argument list
1594734172398	Marionette	INFO	Stopped listening on port 60904

###!!! [Child][RunMessage] Error: Channel closing: too late to send/recv, messages will be lost


###!!! [Child][MessageChannel::SendAndWait] Error: Channel error: cannot send/recv

/modules/XULStore.jsm, line 66: Error: Can't find profile directory.
1594731074958	Marionette	INFO	Listening on port 63992
1594731075461	Marionette	WARN	TLS certificate errors will be ignored for this session
JavaScript error: http://www.demo.guru99.com/V4/index.php, line 1: SyntaxError: missing ) after argument list
1594734162733	Marionette	INFO	Stopped listening on port 63992

###!!! [Child][RunMessage] Error: Channel closing: too late to send/recv, messages will be lost


###!!! [Child][MessageChannel::SendAndWait] Error: Channel error: cannot send/recv

/modules/XULStore.jsm, line 66: Error: Can't find profile directory.
1594731130759	Marionette	INFO	Listening on port 64082
1594731131073	Marionette	WARN	TLS certificate errors will be ignored for this session
JavaScript error: http://www.demo.guru99.com/V4/index.php, line 1: SyntaxError: missing ) after argument list
1594734166658	Marionette	INFO	Stopped listening on port 64082

###!!! [Child][RunMessage] Error: Channel closing: too late to send/recv, messages will be lost


###!!! [Child][MessageChannel::SendAndWait] Error: Channel error: cannot send/recv

/modules/XULStore.jsm, line 66: Error: Can't find profile directory.
1594731204297	Marionette	INFO	Listening on port 64175
1594731204709	Marionette	WARN	TLS certificate errors will be ignored for this session
JavaScript error: http://www.demo.guru99.com/V4/index.php, line 1: SyntaxError: missing ) after argument list
1594731220532	Marionette	INFO	Stopped listening on port 64175

###!!! [Child][RunMessage] Error: Channel closing: too late to send/recv, messages will be lost


###!!! [Child][MessageChannel::SendAndWait] Error: Channel error: cannot send/recv

1594732777170	mozrunner::runner	INFO	Running command: "C:\\Program Files\\Mozilla Firefox\\firefox.exe" "-marionette" "-foreground" "-no-remote" "-profile" "C:\\Users\\sagar\\AppData\\Local\\Temp\\rust_mozprofileH5xE5Z"
JavaScript error: resource://gre/modules/XULStore.jsm, line 66: Error: Can't find profile directory.
1594732778998	Marionette	INFO	Listening on port 64319
1594732779285	Marionette	WARN	TLS certificate errors will be ignored for this session
JavaScript error: http://www.demo.guru99.com/V4/index.php, line 1: SyntaxError: missing ) after argument list
1594732794779	Marionette	INFO	Stopped listening on port 64319

###!!! [Child][RunMessage] Error: Channel closing: too late to send/recv, messages will be lost


###!!! [Child][MessageChannel::SendAndWait] Error: Channel error: cannot send/recv

1594736482367	mozrunner::runner	INFO	Running command: "C:\\Program Files\\Mozilla Firefox\\firefox.exe" "-marionette" "-foreground" "-no-remote" "-profile" "C:\\Users\\sagar\\AppData\\Local\\Temp\\rust_mozprofileHRaMS6"
1594736517198	mozrunner::runner	INFO	Running command: "C:\\Program Files\\Mozilla Firefox\\firefox.exe" "-marionette" "-foreground" "-no-remote" "-profile" "C:\\Users\\sagar\\AppData\\Local\\Temp\\rust_mozprofile4A6dSc"
JavaScript error: resource://gre/modules/XULStore.jsm, line 66: Error: Can't find profile directory.
1594736519327	Marionette	INFO	Listening on port 57426
1594736519412	Marionette	WARN	TLS certificate errors will be ignored for this session
JavaScript error: http://www.demo.guru99.com/V4/index.php, line 1: SyntaxError: missing ) after argument list
1594736526533	Marionette	INFO	Stopped listening on port 57426
[Child 12604, Chrome_ChildThread] WARNING: pipe error: 232: file /builds/worker/checkouts/gecko/ipc/chromium/src/chrome/common/ipc_channel_win.cc, line 522

###!!! [Child][RunMessage] Error: Channel closing: too late to send/recv, messages will be lost


###!!! [Child][MessageChannel::SendAndWait] Error: Channel error: cannot send/recv

1594736661028	mozrunner::runner	INFO	Running command: "C:\\Program Files\\Mozilla Firefox\\firefox.exe" "-marionette" "-foreground" "-no-remote" "-profile" "C:\\Users\\sagar\\AppData\\Local\\Temp\\rust_mozprofilejpg913"
JavaScript error: resource://gre/modules/XULStore.jsm, line 66: Error: Can't find profile directory.
1594736663113	Marionette	INFO	Listening on port 57509
1594736663151	Marionette	WARN	TLS certificate errors will be ignored for this session
JavaScript error: http://www.demo.guru99.com/V4/index.php, line 1: SyntaxError: missing ) after argument list
1594736673207	Marionette	INFO	Stopped listening on port 57509
[Child 27784, Chrome_ChildThread] WARNING: pipe error: 232: file /builds/worker/checkouts/gecko/ipc/chromium/src/chrome/common/ipc_channel_win.cc, line 522

###!!! [Child][RunMessage] Error: Channel closing: too late to send/recv, messages will be lost


###!!! [Child][MessageChannel::SendAndWait] Error: Channel error: cannot send/recv

1594736770581	mozrunner::runner	INFO	Running command: "C:\\Program Files\\Mozilla Firefox\\firefox.exe" "-marionette" "-foreground" "-no-remote" "-profile" "C:\\Users\\sagar\\AppData\\Local\\Temp\\rust_mozprofilevutGpx"
JavaScript error: resource://gre/modules/XULStore.jsm, line 66: Error: Can't find profile directory.
1594736772698	Marionette	INFO	Listening on port 57607
1594736772707	Marionette	WARN	TLS certificate errors will be ignored for this session
JavaScript error: http://www.demo.guru99.com/V4/index.php, line 1: SyntaxError: missing ) after argument list
1594736786195	Marionette	INFO	Stopped listening on port 57607

###!!! [Child][RunMessage] Error: Channel closing: too late to send/recv, messages will be lost


###!!! [Child][MessageChannel::SendAndWait] Error: Channel error: cannot send/recv

1594736873091	mozrunner::runner	INFO	Running command: "C:\\Program Files\\Mozilla Firefox\\firefox.exe" "-marionette" "-foreground" "-no-remote" "-profile" "C:\\Users\\sagar\\AppData\\Local\\Temp\\rust_mozprofilejmNFMB"
JavaScript error: resource://gre/modules/XULStore.jsm, line 66: Error: Can't find profile directory.
1594736875041	Marionette	INFO	Listening on port 57714
1594736875200	Marionette	WARN	TLS certificate errors will be ignored for this session
JavaScript error: http://www.demo.guru99.com/V4/index.php, line 1: SyntaxError: missing ) after argument list
1594736889929	Marionette	INFO	Stopped listening on port 57714

###!!! [Child][RunMessage] Error: Channel closing: too late to send/recv, messages will be lost


###!!! [Child][MessageChannel::SendAndWait] Error: Channel error: cannot send/recv

1594737079819	mozrunner::runner	INFO	Running command: "C:\\Program Files\\Mozilla Firefox\\firefox.exe" "-marionette" "-foreground" "-no-remote" "-profile" "C:\\Users\\sagar\\AppData\\Local\\Temp\\rust_mozprofilehwayuZ"
JavaScript error: resource://gre/modules/XULStore.jsm, line 66: Error: Can't find profile directory.
1594737082154	Marionette	INFO	Listening on port 60039
1594737082561	Marionette	WARN	TLS certificate errors will be ignored for this session
JavaScript error: http://www.demo.guru99.com/V4/index.php, line 1: SyntaxError: missing ) after argument list
1594737104238	Marionette	INFO	Stopped listening on port 60039

###!!! [Child][RunMessage] Error: Channel closing: too late to send/recv, messages will be lost


###!!! [Child][MessageChannel::SendAndWait] Error: Channel error: cannot send/recv

1594737236897	mozrunner::runner	INFO	Running command: "C:\\Program Files\\Mozilla Firefox\\firefox.exe" "-marionette" "-foreground" "-no-remote" "-profile" "C:\\Users\\sagar\\AppData\\Local\\Temp\\rust_mozprofile1BthQU"
JavaScript error: resource://gre/modules/XULStore.jsm, line 66: Error: Can't find profile directory.
1594737239205	Marionette	INFO	Listening on port 58099
1594737239639	Marionette	WARN	TLS certificate errors will be ignored for this session
JavaScript error: http://www.demo.guru99.com/V4/index.php, line 1: SyntaxError: missing ) after argument list
1594737258121	Marionette	INFO	Stopped listening on port 58099

###!!! [Child][MessageChannel::SendAndWait] Error: Channel error: cannot send/recv

1594737569641	mozrunner::runner	INFO	Running command: "C:\\Program Files\\Mozilla Firefox\\firefox.exe" "-marionette" "-foreground" "-no-remote" "-profile" "C:\\Users\\sagar\\AppData\\Local\\Temp\\rust_mozprofilercqavN"
JavaScript error: resource://gre/modules/XULStore.jsm, line 66: Error: Can't find profile directory.
1594737571990	Marionette	INFO	Listening on port 58235
1594737572388	Marionette	WARN	TLS certificate errors will be ignored for this session
JavaScript error: http://www.demo.guru99.com/V4/index.php, line 1: SyntaxError: missing ) after argument list
1594737586034	Marionette	INFO	Stopped listening on port 58235

###!!! [Child][RunMessage] Error: Channel closing: too late to send/recv, messages will be lost


###!!! [Child][MessageChannel::SendAndWait] Error: Channel error: cannot send/recv

1594737840817	mozrunner::runner	INFO	Running command: "C:\\Program Files\\Mozilla Firefox\\firefox.exe" "-marionette" "-foreground" "-no-remote" "-profile" "C:\\Users\\sagar\\AppData\\Local\\Temp\\rust_mozprofilelUl7cX"
JavaScript error: resource://gre/modules/XULStore.jsm, line 66: Error: Can't find profile directory.
1594737843474	Marionette	INFO	Listening on port 58458
1594737843567	Marionette	WARN	TLS certificate errors will be ignored for this session
JavaScript error: http://www.demo.guru99.com/V4/index.php, line 1: SyntaxError: missing ) after argument list
1594737866040	Marionette	INFO	Stopped listening on port 58458

###!!! [Child][RunMessage] Error: Channel closing: too late to send/recv, messages will be lost


###!!! [Child][RunMessage] Error: Channel closing: too late to send/recv, messages will be lost


###!!! [Child][MessageChannel::SendAndWait] Error: Channel error: cannot send/recv

1594744700032	mozrunner::runner	INFO	Running command: "C:\\Program Files\\Mozilla Firefox\\firefox.exe" "-marionette" "-foreground" "-no-remote" "-profile" "C:\\Users\\sagar\\AppData\\Local\\Temp\\rust_mozprofilehttMZB"
JavaScript error: resource://gre/modules/XULStore.jsm, line 66: Error: Can't find profile directory.
1594744702712	Marionette	INFO	Listening on port 58757
1594744702774	Marionette	WARN	TLS certificate errors will be ignored for this session
JavaScript error: http://www.demo.guru99.com/V4/index.php, line 1: SyntaxError: missing ) after argument list
1594744717262	Marionette	INFO	Stopped listening on port 58757

###!!! [Child][RunMessage] Error: Channel closing: too late to send/recv, messages will be lost


###!!! [Child][MessageChannel::SendAndWait] Error: Channel error: cannot send/recv

1594745549162	mozrunner::runner	INFO	Running command: "C:\\Program Files\\Mozilla Firefox\\firefox.exe" "-marionette" "-foreground" "-no-remote" "-profile" "C:\\Users\\sagar\\AppData\\Local\\Temp\\rust_mozprofilexpDl7E"
JavaScript error: resource://gre/modules/XULStore.jsm, line 66: Error: Can't find profile directory.
1594745552228	Marionette	INFO	Listening on port 58942
1594745552390	Marionette	WARN	TLS certificate errors will be ignored for this session
JavaScript error: http://www.demo.guru99.com/V4/index.php, line 1: SyntaxError: missing ) after argument list
1594745570945	Marionette	INFO	Stopped listening on port 58942

###!!! [Child][RunMessage] Error: Channel closing: too late to send/recv, messages will be lost


###!!! [Child][MessageChannel::SendAndWait] Error: Channel error: cannot send/recv

1594745663101	mozrunner::runner	INFO	Running command: "C:\\Program Files\\Mozilla Firefox\\firefox.exe" "-marionette" "-foreground" "-no-remote" "-profile" "C:\\Users\\sagar\\AppData\\Local\\Temp\\rust_mozprofiledFmJvS"
JavaScript error: resource://gre/modules/XULStore.jsm, line 66: Error: Can't find profile directory.
1594745665449	Marionette	INFO	Listening on port 59042
1594745665819	Marionette	WARN	TLS certificate errors will be ignored for this session
JavaScript error: http://www.demo.guru99.com/V4/index.php, line 1: SyntaxError: missing ) after argument list
1594745681079	Marionette	INFO	Stopped listening on port 59042

###!!! [Child][MessageChannel::SendAndWait] Error: Channel error: cannot send/recv

1594745771452	mozrunner::runner	INFO	Running command: "C:\\Program Files\\Mozilla Firefox\\firefox.exe" "-marionette" "-foreground" "-no-remote" "-profile" "C:\\Users\\sagar\\AppData\\Local\\Temp\\rust_mozprofile6W22lW"
JavaScript error: resource://gre/modules/XULStore.jsm, line 66: Error: Can't find profile directory.
1594745773730	Marionette	INFO	Listening on port 59134
1594745774166	Marionette	WARN	TLS certificate errors will be ignored for this session
JavaScript error: http://www.demo.guru99.com/V4/index.php, line 1: SyntaxError: missing ) after argument list
JavaScript error: http://www.demo.guru99.com/V4/index.php, line 1: SyntaxError: missing ) after argument list
JavaScript error: http://www.demo.guru99.com/V4/index.php, line 1: SyntaxError: missing ) after argument list
JavaScript error: http://www.demo.guru99.com/V4/index.php, line 1: SyntaxError: missing ) after argument list
1594745868838	Marionette	INFO	Stopped listening on port 59134

###!!! [Child][RunMessage] Error: Channel closing: too late to send/recv, messages will be lost


###!!! [Child][MessageChannel::SendAndWait] Error: Channel error: cannot send/recv

1594746056284	mozrunner::runner	INFO	Running command: "C:\\Program Files\\Mozilla Firefox\\firefox.exe" "-marionette" "-foreground" "-no-remote" "-profile" "C:\\Users\\sagar\\AppData\\Local\\Temp\\rust_mozprofilefxJGfU"
JavaScript error: resource://gre/modules/XULStore.jsm, line 66: Error: Can't find profile directory.
1594746058877	Marionette	INFO	Listening on port 59303
1594746059001	Marionette	WARN	TLS certificate errors will be ignored for this session
JavaScript error: http://www.demo.guru99.com/V4/index.php, line 1: SyntaxError: missing ) after argument list
JavaScript error: http://www.demo.guru99.com/V4/index.php, line 1: SyntaxError: missing ) after argument list
JavaScript error: http://www.demo.guru99.com/V4/index.php, line 1: SyntaxError: missing ) after argument list
JavaScript error: http://www.demo.guru99.com/V4/index.php, line 1: SyntaxError: missing ) after argument list
1594746125147	Marionette	INFO	Stopped listening on port 59303

###!!! [Child][RunMessage] Error: Channel closing: too late to send/recv, messages will be lost


###!!! [Child][MessageChannel::SendAndWait] Error: Channel error: cannot send/recv

1594746156292	mozrunner::runner	INFO	Running command: "C:\\Program Files\\Mozilla Firefox\\firefox.exe" "-marionette" "-foreground" "-no-remote" "-profile" "C:\\Users\\sagar\\AppData\\Local\\Temp\\rust_mozprofilecOcU0a"
JavaScript error: resource://gre/modules/XULStore.jsm, line 66: Error: Can't find profile directory.
1594746159105	Marionette	INFO	Listening on port 59449
1594746159518	Marionette	WARN	TLS certificate errors will be ignored for this session
JavaScript error: http://www.demo.guru99.com/V4/index.php, line 1: SyntaxError: missing ) after argument list
JavaScript error: http://www.demo.guru99.com/V4/index.php, line 1: SyntaxError: missing ) after argument list
JavaScript error: http://www.demo.guru99.com/V4/index.php, line 1: SyntaxError: missing ) after argument list
JavaScript error: http://www.demo.guru99.com/V4/index.php, line 1: SyntaxError: missing ) after argument list
JavaScript error: http://www.demo.guru99.com/V4/index.php, line 1: SyntaxError: missing ) after argument list
1594746646749	Marionette	INFO	Stopped listening on port 59449

###!!! [Child][RunMessage] Error: Channel closing: too late to send/recv, messages will be lost


###!!! [Child][MessageChannel::SendAndWait] Error: Channel error: cannot send/recv

/modules/XULStore.jsm, line 66: Error: Can't find profile directory.
1594746583220	Marionette	INFO	Listening on port 52406
1594746583373	Marionette	WARN	TLS certificate errors will be ignored for this session
JavaScript error: http://www.demo.guru99.com/V4/index.php, line 1: SyntaxError: missing ) after argument list
1594746607464	Marionette	INFO	Stopped listening on port 52406
[Child 8256, Chrome_ChildThread] WARNING: pipe error: 232: file /builds/worker/checkouts/gecko/ipc/chromium/src/chrome/common/ipc_channel_win.cc, line 522
[Child 8256, Chrome_ChildThread] WARNING: pipe error: 232: file /builds/worker/checkouts/gecko/ipc/chromium/src/chrome/common/ipc_channel_win.cc, line 522

###!!! [Child][RunMessage] Error: Channel closing: too late to send/recv, messages will be lost


###!!! [Child][MessageChannel::SendAndWait] Error: Channel error: cannot send/recv

1594746696947	mozrunner::runner	INFO	Running command: "C:\\Program Files\\Mozilla Firefox\\firefox.exe" "-marionette" "-foreground" "-no-remote" "-profile" "C:\\Users\\sagar\\AppData\\Local\\Temp\\rust_mozprofile7rfv6d"
JavaScript error: resource://gre/modules/XULStore.jsm, line 66: Error: Can't find profile directory.
1594746699392	Marionette	INFO	Listening on port 52499
1594746699668	Marionette	WARN	TLS certificate errors will be ignored for this session
JavaScript error: http://www.demo.guru99.com/V4/index.php, line 1: SyntaxError: missing ) after argument list
JavaScript error: http://www.demo.guru99.com/V4/index.php, line 1: SyntaxError: missing ) after argument list
JavaScript error: http://www.demo.guru99.com/V4/index.php, line 1: SyntaxError: missing ) after argument list
JavaScript error: http://www.demo.guru99.com/V4/index.php, line 1: SyntaxError: missing ) after argument list
1594746781077	Marionette	INFO	Stopped listening on port 52499

###!!! [Child][RunMessage] Error: Channel closing: too late to send/recv, messages will be lost


###!!! [Child][MessageChannel::SendAndWait] Error: Channel error: cannot send/recv

1594747289721	mozrunner::runner	INFO	Running command: "C:\\Program Files\\Mozilla Firefox\\firefox.exe" "-marionette" "-foreground" "-no-remote" "-profile" "C:\\Users\\sagar\\AppData\\Local\\Temp\\rust_mozprofilew9bg6B"
JavaScript error: resource://gre/modules/XULStore.jsm, line 66: Error: Can't find profile directory.
1594747292137	Marionette	INFO	Listening on port 52653
1594747292439	Marionette	WARN	TLS certificate errors will be ignored for this session
JavaScript error: http://www.demo.guru99.com/V4/index.php, line 1: SyntaxError: missing ) after argument list
JavaScript error: http://www.demo.guru99.com/V4/index.php, line 1: SyntaxError: missing ) after argument list
JavaScript error: http://www.demo.guru99.com/V4/index.php, line 1: SyntaxError: missing ) after argument list
JavaScript error: http://www.demo.guru99.com/V4/index.php, line 1: SyntaxError: missing ) after argument list
1594747359096	Marionette	INFO	Stopped listening on port 52653

###!!! [Child][RunMessage] Error: Channel closing: too late to send/recv, messages will be lost


###!!! [Child][MessageChannel::SendAndWait] Error: Channel error: cannot send/recv

1594747574470	mozrunner::runner	INFO	Running command: "C:\\Program Files\\Mozilla Firefox\\firefox.exe" "-marionette" "-foreground" "-no-remote" "-profile" "C:\\Users\\sagar\\AppData\\Local\\Temp\\rust_mozprofileclNK14"
JavaScript error: resource://gre/modules/XULStore.jsm, line 66: Error: Can't find profile directory.
1594747576818	Marionette	INFO	Listening on port 52799
1594747577186	Marionette	WARN	TLS certificate errors will be ignored for this session
JavaScript error: http://www.demo.guru99.com/V4/index.php, line 1: SyntaxError: missing ) after argument list
JavaScript error: http://www.demo.guru99.com/V4/index.php, line 1: SyntaxError: missing ) after argument list
JavaScript error: http://www.demo.guru99.com/V4/index.php, line 1: SyntaxError: missing ) after argument list
JavaScript error: http://www.demo.guru99.com/V4/index.php, line 1: SyntaxError: missing ) after argument list
1594747660284	Marionette	INFO	Stopped listening on port 52799

###!!! [Child][MessageChannel::SendAndWait] Error: Channel error: cannot send/recv

1594747722850	mozrunner::runner	INFO	Running command: "C:\\Program Files\\Mozilla Firefox\\firefox.exe" "-marionette" "-foreground" "-no-remote" "-profile" "C:\\Users\\sagar\\AppData\\Local\\Temp\\rust_mozprofileTTwnbm"
JavaScript error: resource://gre/modules/XULStore.jsm, line 66: Error: Can't find profile directory.
1594747725359	Marionette	INFO	Listening on port 52968
1594747725567	Marionette	WARN	TLS certificate errors will be ignored for this session
JavaScript error: http://www.demo.guru99.com/V4/index.php, line 1: SyntaxError: missing ) after argument list
1594747759155	Marionette	INFO	Stopped listening on port 52968

###!!! [Child][RunMessage] Error: Channel closing: too late to send/recv, messages will be lost


###!!! [Child][MessageChannel::SendAndWait] Error: Channel error: cannot send/recv

1594747932520	mozrunner::runner	INFO	Running command: "C:\\Program Files\\Mozilla Firefox\\firefox.exe" "-marionette" "-foreground" "-no-remote" "-profile" "C:\\Users\\sagar\\AppData\\Local\\Temp\\rust_mozprofileZToDZK"
JavaScript error: resource://gre/modules/XULStore.jsm, line 66: Error: Can't find profile directory.
1594747935352	Marionette	INFO	Listening on port 53126
1594747935732	Marionette	WARN	TLS certificate errors will be ignored for this session
JavaScript error: http://www.demo.guru99.com/V4/index.php, line 1: SyntaxError: missing ) after argument list
1594748187576	Marionette	INFO	Stopped listening on port 53126

###!!! [Child][RunMessage] Error: Channel closing: too late to send/recv, messages will be lost


###!!! [Child][MessageChannel::SendAndWait] Error: Channel error: cannot send/recv

1595054076408	mozrunner::runner	INFO	Running command: "C:\\Program Files\\Firefox Developer Edition\\firefox.exe" "-marionette" "-foreground" "-no-remote" "-profile" "C:\\Users\\sagar\\AppData\\Local\\Temp\\rust_mozprofileiiGeww"
JavaScript error: resource://gre/modules/XULStore.jsm, line 66: Error: Can't find profile directory.
console.error: SearchCache: "_readCacheFile: Error reading cache file:" (new Error("", "(unknown module)"))
1595054086692	Marionette	INFO	Listening on port 60300
1595054087135	Marionette	WARN	TLS certificate errors will be ignored for this session
JavaScript error: https://eus.rubiconproject.com/usync.html, line 12: SecurityError: The operation is insecure.
JavaScript error: http://www.demo.guru99.com/V4/index.php, line 1: SyntaxError: missing ) after argument list
JavaScript error: https://eus.rubiconproject.com/usync.html, line 12: SecurityError: The operation is insecure.
JavaScript error: http://www.demo.guru99.com/V4/index.php, line 1: SyntaxError: missing ) after argument list
JavaScript error: https://eus.rubiconproject.com/usync.html, line 12: SecurityError: The operation is insecure.
JavaScript error: http://www.demo.guru99.com/V4/index.php, line 1: SyntaxError: missing ) after argument list
JavaScript error: http://www.demo.guru99.com/V4/index.php, line 1: SyntaxError: missing ) after argument list
JavaScript error: https://pixel.adsafeprotected.com/jsvid?videoId=6ea948b666b115631dc283ac2f57f593&pubId=16515&campId=706235&advId=undefined&bidurl=&chanId=btXxJqnWClDtkAjBpZEd&placementId=2303160&anId=F&uId=3a061af032d66f0ebb764e0d051f1904a2ef341c.1&adsafe_par=, line 1185: TypeError: can't access property "eyJ4diI6IjE3LjQuODUiLCJ0IjoxNTk1MDU0ODM1NzY1fQ--", d is undefined
JavaScript error: https://s0.2mdn.net/instream/video/client.js, line 32: NS_ERROR_NOT_INITIALIZED: 
JavaScript error: https://s0.2mdn.net/instream/video/client.js, line 32: NS_ERROR_NOT_INITIALIZED: 
JavaScript error: https://s0.2mdn.net/instream/video/client.js, line 32: NS_ERROR_NOT_INITIALIZED: 
JavaScript error: https://s0.2mdn.net/instream/video/client.js, line 32: NS_ERROR_NOT_INITIALIZED: 
JavaScript error: https://s0.2mdn.net/instream/video/client.js, line 32: NS_ERROR_NOT_INITIALIZED: 
JavaScript error: https://s0.2mdn.net/instream/video/client.js, line 32: NS_ERROR_NOT_INITIALIZED: 
JavaScript error: https://s0.2mdn.net/instream/video/client.js, line 32: NS_ERROR_NOT_INITIALIZED: 
JavaScript error: https://s0.2mdn.net/instream/video/client.js, line 32: NS_ERROR_NOT_INITIALIZED: 
JavaScript error: https://s0.2mdn.net/instream/video/client.js, line 32: NS_ERROR_NOT_INITIALIZED: 
JavaScript error: https://s0.2mdn.net/instream/video/client.js, line 32: NS_ERROR_NOT_INITIALIZED: 
JavaScript error: https://s0.2mdn.net/instream/video/client.js, line 32: NS_ERROR_NOT_INITIALIZED: 
JavaScript error: https://s0.2mdn.net/instream/video/client.js, line 32: NS_ERROR_NOT_INITIALIZED: 
JavaScript error: https://s0.2mdn.net/instream/video/client.js, line 32: NS_ERROR_NOT_INITIALIZED: 
JavaScript error: https://s0.2mdn.net/instream/video/client.js, line 32: NS_ERROR_NOT_INITIALIZED: 
JavaScript error: https://live.sekindo.com/live/liveVideo.php?vpaidManager=sekindo&s=58057&ri=6C69766553746174737C736B317B54307D7B64323032302D30372D31385F30397D7B7331313233373533347D7B433135397D7B53643364334C6D526C625738755A33567964546B354C6D4E7662513D3D7D7B6266697265666F787D7B716465736B746F707D7B6F77696E646F77737D7B583330307D7B593235307D7B66367D7B7251554A554943386755484A6C596D6C6B494338674F5341764947526C5A6D46316248513D7D7B4C363435337DFEFE&userIpAddr=106.213.156.214&userUA=Mozilla%2F5.0+%28Windows+NT+10.0%3B+Win64%3B+x64%3B+rv%3A79.0%29+Gecko%2F20100101+Firefox%2F79.0&playerVersion=3.0.0&fpl=-1&debugInformation=ABT+%2F+Prebid+%2F+9+%2F+default&isWePassGdpr=1&csuuid=5f12980df04e1&debugInfo=11237534_ABT+%2F+Prebid+%2F+9+%2F+default&debugPlayerSession=&sta=11237534&showLogo=0&clkUrl=&plMult=-1&schedule=eyJwcmVfcm9sbCI6MSwibWlkX3JvbGwiOltdLCJnYXAiOiJhdXRvIn0%3D&content=plembed12b3ytonphis&secondaryContent=&x=300&y=250&pubUrl=http%3A%2F%2Fwww.demo.guru99.com%2FV4%2Findex.php&contentNum=1&flow_closeBtn=1&flowCloseTimeout=0&flow_closeButtonPosition=left&flow_direction=bl&flow_horizontalOffset=10&flow_bottomOffset=10&impGap=2&flow_width=315&flow_height=243&videoType=flow&gdpr=0&gdprConsent=&contentFeedId=&geoLati=23.0276&geoLong=72.5871&vpTemplate=6453&flowMode=both&isRealPreroll=0&playerApiId=&isApp=0&ccpa=0&ccpaConsent=, line 299: TypeError: can't access property "environmentVars", e.params is undefined
JavaScript error: https://s.acexedge.com/2/4.72.1/main.js, line 1: NS_ERROR_NOT_INITIALIZED: 
JavaScript error: https://live.sekindo.com/live/liveVideo.php?vpaidManager=sekindo&s=58057&ri=6C69766553746174737C736B317B54307D7B64323032302D30372D31385F30397D7B7331313233373533347D7B433135397D7B53643364334C6D526C625738755A33567964546B354C6D4E7662513D3D7D7B6266697265666F787D7B716465736B746F707D7B6F77696E646F77737D7B583330307D7B593235307D7B66367D7B7251554A554943386755484A6C596D6C6B494338674F5341764947526C5A6D46316248513D7D7B4C363435337DFEFE&userIpAddr=106.213.156.214&userUA=Mozilla%2F5.0+%28Windows+NT+10.0%3B+Win64%3B+x64%3B+rv%3A79.0%29+Gecko%2F20100101+Firefox%2F79.0&playerVersion=3.0.0&fpl=-1&debugInformation=ABT+%2F+Prebid+%2F+9+%2F+default&isWePassGdpr=1&csuuid=5f12980df04e1&debugInfo=11237534_ABT+%2F+Prebid+%2F+9+%2F+default&debugPlayerSession=&sta=11237534&showLogo=0&clkUrl=&plMult=-1&schedule=eyJwcmVfcm9sbCI6MSwibWlkX3JvbGwiOltdLCJnYXAiOiJhdXRvIn0%3D&content=plembed12b3ytonphis&secondaryContent=&x=300&y=250&pubUrl=http%3A%2F%2Fwww.demo.guru99.com%2FV4%2Findex.php&contentNum=1&flow_closeBtn=1&flowCloseTimeout=0&flow_closeButtonPosition=left&flow_direction=bl&flow_horizontalOffset=10&flow_bottomOffset=10&impGap=2&flow_width=315&flow_height=243&videoType=flow&gdpr=0&gdprConsent=&contentFeedId=&geoLati=23.0276&geoLong=72.5871&vpTemplate=6453&flowMode=both&isRealPreroll=0&playerApiId=&isApp=0&ccpa=0&ccpaConsent=, line 299: TypeError: can't access property "environmentVars", e.params is undefined
JavaScript error: https://live.sekindo.com/live/liveVideo.php?vpaidManager=sekindo&s=58057&ri=6C69766553746174737C736B317B54307D7B64323032302D30372D31385F30397D7B7331313233373533347D7B433135397D7B53643364334C6D526C625738755A33567964546B354C6D4E7662513D3D7D7B6266697265666F787D7B716465736B746F707D7B6F77696E646F77737D7B583330307D7B593235307D7B66367D7B7251554A554943386755484A6C596D6C6B494338674F5341764947526C5A6D46316248513D7D7B4C363435337DFEFE&userIpAddr=106.213.156.214&userUA=Mozilla%2F5.0+%28Windows+NT+10.0%3B+Win64%3B+x64%3B+rv%3A79.0%29+Gecko%2F20100101+Firefox%2F79.0&playerVersion=3.0.0&fpl=-1&debugInformation=ABT+%2F+Prebid+%2F+9+%2F+default&isWePassGdpr=1&csuuid=5f12980df04e1&debugInfo=11237534_ABT+%2F+Prebid+%2F+9+%2F+default&debugPlayerSession=&sta=11237534&showLogo=0&clkUrl=&plMult=-1&schedule=eyJwcmVfcm9sbCI6MSwibWlkX3JvbGwiOltdLCJnYXAiOiJhdXRvIn0%3D&content=plembed12b3ytonphis&secondaryContent=&x=300&y=250&pubUrl=http%3A%2F%2Fwww.demo.guru99.com%2FV4%2Findex.php&contentNum=1&flow_closeBtn=1&flowCloseTimeout=0&flow_closeButtonPosition=left&flow_direction=bl&flow_horizontalOffset=10&flow_bottomOffset=10&impGap=2&flow_width=315&flow_height=243&videoType=flow&gdpr=0&gdprConsent=&contentFeedId=&geoLati=23.0276&geoLong=72.5871&vpTemplate=6453&flowMode=both&isRealPreroll=0&playerApiId=&isApp=0&ccpa=0&ccpaConsent=, line 299: TypeError: can't access property "environmentVars", e.params is undefined
JavaScript error: https://eus.rubiconproject.com/usync.html, line 12: SecurityError: The operation is insecure.
JavaScript error: resource://gre/actors/PictureInPictureChild.jsm, line 114: InvalidStateError: An attempt was made to use an object that is not, or is no longer, usable

###!!! [Child][MessageChannel] Error: (msgtype=0x39011F,name=PContent::Msg_NotifyMediaPlaybackChanged) Closed channel: cannot send/recv


###!!! [Child][MessageChannel] Error: (msgtype=0x390136,name=PContent::Msg_DiscardBrowsingContext) Closed channel: cannot send/recv


###!!! [Child][MessageChannel] Error: (msgtype=0x390136,name=PContent::Msg_DiscardBrowsingContext) Closed channel: cannot send/recv


###!!! [Child][MessageChannel] Error: (msgtype=0x390136,name=PContent::Msg_DiscardBrowsingContext) Closed channel: cannot send/recv


###!!! [Child][MessageChannel] Error: (msgtype=0x390136,name=PContent::Msg_DiscardBrowsingContext) Closed channel: cannot send/recv


###!!! [Child][MessageChannel] Error: (msgtype=0x390136,name=PContent::Msg_DiscardBrowsingContext) Closed channel: cannot send/recv


###!!! [Child][MessageChannel] Error: (msgtype=0x390136,name=PContent::Msg_DiscardBrowsingContext) Closed channel: cannot send/recv


###!!! [Child][MessageChannel] Error: (msgtype=0x390136,name=PContent::Msg_DiscardBrowsingContext) Closed channel: cannot send/recv


###!!! [Child][MessageChannel] Error: (msgtype=0x390136,name=PContent::Msg_DiscardBrowsingContext) Closed channel: cannot send/recv


###!!! [Child][MessageChannel] Error: (msgtype=0x390136,name=PContent::Msg_DiscardBrowsingContext) Closed channel: cannot send/recv


###!!! [Child][MessageChannel] Error: (msgtype=0x390136,name=PContent::Msg_DiscardBrowsingContext) Closed channel: cannot send/recv


###!!! [Child][MessageChannel] Error: (msgtype=0x390136,name=PContent::Msg_DiscardBrowsingContext) Closed channel: cannot send/recv


###!!! [Child][MessageChannel] Error: (msgtype=0x390136,name=PContent::Msg_DiscardBrowsingContext) Closed channel: cannot send/recv


###!!! [Child][MessageChannel] Error: (msgtype=0x390136,name=PContent::Msg_DiscardBrowsingContext) Closed channel: cannot send/recv


###!!! [Child][MessageChannel] Error: (msgtype=0x390136,name=PContent::Msg_DiscardBrowsingContext) Closed channel: cannot send/recv


###!!! [Child][MessageChannel] Error: (msgtype=0x390136,name=PContent::Msg_DiscardBrowsingContext) Closed channel: cannot send/recv


###!!! [Child][MessageChannel] Error: (msgtype=0x390136,name=PContent::Msg_DiscardBrowsingContext) Closed channel: cannot send/recv


###!!! [Child][MessageChannel] Error: (msgtype=0x390136,name=PContent::Msg_DiscardBrowsingContext) Closed channel: cannot send/recv


###!!! [Child][MessageChannel] Error: (msgtype=0x390136,name=PContent::Msg_DiscardBrowsingContext) Closed channel: cannot send/recv


###!!! [Child][MessageChannel] Error: (msgtype=0x390136,name=PContent::Msg_DiscardBrowsingContext) Closed channel: cannot send/recv


###!!! [Child][MessageChannel] Error: (msgtype=0x390136,name=PContent::Msg_DiscardBrowsingContext) Closed channel: cannot send/recv


###!!! [Child][MessageChannel] Error: (msgtype=0x390136,name=PContent::Msg_DiscardBrowsingContext) Closed channel: cannot send/recv


###!!! [Child][MessageChannel] Error: (msgtype=0x390136,name=PContent::Msg_DiscardBrowsingContext) Closed channel: cannot send/recv


###!!! [Child][MessageChannel] Error: (msgtype=0x390136,name=PContent::Msg_DiscardBrowsingContext) Closed channel: cannot send/recv


###!!! [Child][MessageChannel] Error: (msgtype=0x390136,name=PContent::Msg_DiscardBrowsingContext) Closed channel: cannot send/recv


###!!! [Child][MessageChannel] Error: (msgtype=0x390136,name=PContent::Msg_DiscardBrowsingContext) Closed channel: cannot send/recv


###!!! [Child][MessageChannel] Error: (msgtype=0x390136,name=PContent::Msg_DiscardBrowsingContext) Closed channel: cannot send/recv


###!!! [Child][MessageChannel] Error: (msgtype=0x390136,name=PContent::Msg_DiscardBrowsingContext) Closed channel: cannot send/recv


###!!! [Child][MessageChannel] Error: (msgtype=0x390136,name=PContent::Msg_DiscardBrowsingContext) Closed channel: cannot send/recv


###!!! [Child][MessageChannel] Error: (msgtype=0x390136,name=PContent::Msg_DiscardBrowsingContext) Closed channel: cannot send/recv


###!!! [Child][MessageChannel] Error: (msgtype=0x390136,name=PContent::Msg_DiscardBrowsingContext) Closed channel: cannot send/recv


###!!! [Child][MessageChannel] Error: (msgtype=0x390136,name=PContent::Msg_DiscardBrowsingContext) Closed channel: cannot send/recv


###!!! [Child][MessageChannel] Error: (msgtype=0x390136,name=PContent::Msg_DiscardBrowsingContext) Closed channel: cannot send/recv


###!!! [Child][MessageChannel] Error: (msgtype=0x390136,name=PContent::Msg_DiscardBrowsingContext) Closed channel: cannot send/recv


###!!! [Child][MessageChannel] Error: (msgtype=0x390136,name=PContent::Msg_DiscardBrowsingContext) Closed channel: cannot send/recv


###!!! [Child][MessageChannel] Error: (msgtype=0x390136,name=PContent::Msg_DiscardBrowsingContext) Closed channel: cannot send/recv


###!!! [Child][MessageChannel] Error: (msgtype=0x390136,name=PContent::Msg_DiscardBrowsingContext) Closed channel: cannot send/recv


###!!! [Child][MessageChannel] Error: (msgtype=0x390136,name=PContent::Msg_DiscardBrowsingContext) Closed channel: cannot send/recv


###!!! [Child][MessageChannel] Error: (msgtype=0x390136,name=PContent::Msg_DiscardBrowsingContext) Closed channel: cannot send/recv


###!!! [Child][MessageChannel] Error: (msgtype=0x390136,name=PContent::Msg_DiscardBrowsingContext) Closed channel: cannot send/recv


###!!! [Child][MessageChannel] Error: (msgtype=0x390136,name=PContent::Msg_DiscardBrowsingContext) Closed channel: cannot send/recv


###!!! [Child][MessageChannel] Error: (msgtype=0x390136,name=PContent::Msg_DiscardBrowsingContext) Closed channel: cannot send/recv


###!!! [Child][MessageChannel] Error: (msgtype=0x390136,name=PContent::Msg_DiscardBrowsingContext) Closed channel: cannot send/recv


###!!! [Child][MessageChannel] Error: (msgtype=0x390136,name=PContent::Msg_DiscardBrowsingContext) Closed channel: cannot send/recv


###!!! [Child][MessageChannel] Error: (msgtype=0x390136,name=PContent::Msg_DiscardBrowsingContext) Closed channel: cannot send/recv


###!!! [Child][MessageChannel] Error: (msgtype=0x390136,name=PContent::Msg_DiscardBrowsingContext) Closed channel: cannot send/recv


###!!! [Child][MessageChannel] Error: (msgtype=0x390136,name=PContent::Msg_DiscardBrowsingContext) Closed channel: cannot send/recv


###!!! [Child][MessageChannel] Error: (msgtype=0x390136,name=PContent::Msg_DiscardBrowsingContext) Closed channel: cannot send/recv


###!!! [Child][MessageChannel] Error: (msgtype=0x390136,name=PContent::Msg_DiscardBrowsingContext) Closed channel: cannot send/recv


###!!! [Child][MessageChannel] Error: (msgtype=0x390136,name=PContent::Msg_DiscardBrowsingContext) Closed channel: cannot send/recv


###!!! [Child][MessageChannel] Error: (msgtype=0x390136,name=PContent::Msg_DiscardBrowsingContext) Closed channel: cannot send/recv


###!!! [Child][MessageChannel] Error: (msgtype=0x390136,name=PContent::Msg_DiscardBrowsingContext) Closed channel: cannot send/recv


###!!! [Child][MessageChannel] Error: (msgtype=0x390136,name=PContent::Msg_DiscardBrowsingContext) Closed channel: cannot send/recv


###!!! [Child][MessageChannel] Error: (msgtype=0x390136,name=PContent::Msg_DiscardBrowsingContext) Closed channel: cannot send/recv


###!!! [Child][MessageChannel] Error: (msgtype=0x390136,name=PContent::Msg_DiscardBrowsingContext) Closed channel: cannot send/recv


###!!! [Child][MessageChannel] Error: (msgtype=0x390136,name=PContent::Msg_DiscardBrowsingContext) Closed channel: cannot send/recv


###!!! [Child][MessageChannel] Error: (msgtype=0x390136,name=PContent::Msg_DiscardBrowsingContext) Closed channel: cannot send/recv


###!!! [Child][MessageChannel] Error: (msgtype=0x390136,name=PContent::Msg_DiscardBrowsingContext) Closed channel: cannot send/recv


###!!! [Child][MessageChannel] Error: (msgtype=0x390136,name=PContent::Msg_DiscardBrowsingContext) Closed channel: cannot send/recv


###!!! [Child][MessageChannel] Error: (msgtype=0x390136,name=PContent::Msg_DiscardBrowsingContext) Closed channel: cannot send/recv


###!!! [Child][MessageChannel] Error: (msgtype=0x390136,name=PContent::Msg_DiscardBrowsingContext) Closed channel: cannot send/recv


###!!! [Child][MessageChannel] Error: (msgtype=0x390136,name=PContent::Msg_DiscardBrowsingContext) Closed channel: cannot send/recv


###!!! [Child][MessageChannel] Error: (msgtype=0x3900BF,name=PContent::Msg_SetGeolocationHigherAccuracy) Closed channel: cannot send/recv


###!!! [Child][MessageChannel] Error: (msgtype=0x390136,name=PContent::Msg_DiscardBrowsingContext) Closed channel: cannot send/recv

